<?xml version="1.0" encoding="UTF-8"?>
<!-- Generated by org.testng.reporters.JUnitXMLReporter -->
<testsuite ignored="1" hostname="DESKTOP-Q798BAO" failures="3" tests="26" name="Test" time="12.046" errors="0" timestamp="2025-05-21T15:54:01 IST">
  <testcase classname="Testng.CheckAnnotation" name="checkAnnotation" time="0.018"/>
  <testcase classname="Testng.CheckAnnotation" name="checkAnnotation2" time="0.003"/>
  <testcase classname="Testng.ChildClass1" name="childClass1" time="0.096"/>
  <testcase classname="Testng.ChildClass2" name="childClass2" time="0.0"/>
  <testcase classname="Testng.HelperAttribute" name="cMethod" time="0.001"/>
  <testcase classname="Testng.HelperAttribute" name="dMethod" time="0.003"/>
  <testcase classname="Testng.HelperAttribute" name="aMethod" time="0.001"/>
  <testcase classname="Testng.listenerCheck" name="listener" time="0.011">
    <failure type="java.lang.AssertionError" message="expected [true] but found [false]">
      <![CDATA[java.lang.AssertionError: expected [true] but found [false]
at Testng.listenerCheck.listener(listenerCheck.java:12)
at java.base/java.util.ArrayList.forEach(ArrayList.java:1511)
... Removed 31 stack frames]]>
    </failure>
  </testcase> <!-- listener -->
  <testcase classname="Testng.OneMoreClass" name="Demo2" time="0.001"/>
  <testcase classname="Testng.OneMoreClass" name="groupData4" time="0.001"/>
  <testcase classname="Testng.Openurl" name="openUrl" time="2.987"/>
  <testcase classname="Testng.ParametrisationinTestng" name="classLevelParameters" time="0.001"/>
  <testcase classname="Testng.ParametrisationinTestng" name="classLevelParameters" time="0.001"/>
  <testcase classname="Testng.ParametrisationinTestng" name="classLevelParameters" time="0.0"/>
  <testcase classname="Testng.ParametrisationinTestng" name="suiteLevelParameters" time="0.0">
    <failure type="org.testng.TestNGException" message="
Parameter &amp;apos;URL&amp;apos; is required by @Test on method suiteLevelParameters but has not been marked @Optional or defined
in C:\Users\Pooja\eclipse-workspace\WebsiteAutomation\testng2.xml">
      <![CDATA[org.testng.TestNGException: 
Parameter 'URL' is required by @Test on method suiteLevelParameters but has not been marked @Optional or defined
in C:\Users\Pooja\eclipse-workspace\WebsiteAutomation\testng2.xml
at java.base/java.util.ArrayList.forEach(ArrayList.java:1511)
... Removed 26 stack frames]]>
    </failure>
  </testcase> <!-- suiteLevelParameters -->
  <testcase classname="Testng.ParametrisationinTestng" name="testLevelParameters" time="0.0">
    <failure type="org.testng.TestNGException" message="
Parameter &amp;apos;username&amp;apos; is required by @Test on method testLevelParameters but has not been marked @Optional or defined
in C:\Users\Pooja\eclipse-workspace\WebsiteAutomation\testng2.xml">
      <![CDATA[org.testng.TestNGException: 
Parameter 'username' is required by @Test on method testLevelParameters but has not been marked @Optional or defined
in C:\Users\Pooja\eclipse-workspace\WebsiteAutomation\testng2.xml
at java.base/java.util.ArrayList.forEach(ArrayList.java:1511)
... Removed 26 stack frames]]>
    </failure>
  </testcase> <!-- testLevelParameters -->
  <testcase classname="Testng.ThreeMethodOneClass" name="autoLogin" time="0.001"/>
  <testcase classname="Testng.ThreeMethodOneClass" name="data1" time="0.002"/>
  <testcase classname="Testng.ThreeMethodOneClass" name="data2" time="0.0"/>
  <testcase classname="Testng.ThreeMethodOneClass" name="groupData1" time="0.0"/>
  <testcase classname="Testng.ThreeMethodOneClass" name="groupData2" time="0.0"/>
  <testcase classname="Testng.ThreeMethodOneClass" name="groupData3" time="0.0"/>
  <testcase classname="Testng.ThreeMethodOneClass" name="loginApi" time="0.001"/>
  <testcase classname="Testng.ThreeMethodOneClass" name="loginApp" time="0.0"/>
  <testcase classname="Testng.ThreeMethodOneClass" name="loginWebsite" time="0.001"/>
  <testcase classname="Testng.WithoutmainMehod" name="demo" time="0.0"/>
  <testcase classname="Testng.HelperAttribute" name="bMethod" time="0.0">
    <ignored/>
  </testcase> <!-- bMethod -->
</testsuite> <!-- Test -->
